# JRE version: OpenJDK Runtime Environment (21.0.8) (build 21.0.8+-14196175-b1038.72)
# Java VM: OpenJDK 64-Bit Server VM (21.0.8+-14196175-b1038.72, mixed mode, tiered, compressed oops, compressed class ptrs, g1 gc, windows-amd64)
GC Precious Log:
 CardTable entry size: 512
 Card Set container configuration: InlinePtr #cards 4 size 8 Array Of Cards #cards 32 size 80 Howl #buckets 8 coarsen threshold 7372 Howl Bitmap #cards 1024 size 144 coarsen threshold 921 Card regions per heap region 1 cards per card region 8192
 CPUs: 8 total, 8 available
 Memory: 8025M
 Large Page Support: Disabled
 NUMA Support: Disabled
 Compressed Oops: Enabled (Zero based)
 Heap Region Size: 4M
 Heap Min Capacity: 8M
 Heap Initial Capacity: 128M
 Heap Max Capacity: 8G
 Pre-touch: Disabled
 Parallel Workers: 8
 Concurrent Workers: 2
 Concurrent Refinement Workers: 8
 Periodic GC: Disabled
Heap:
 garbage-first heap   total 1548288K, used 195475K [0x0000000600000000, 0x0000000800000000)
  region size 4096K, 2 young (8192K), 2 survivors (8192K)
 Metaspace       used 163548K, committed 165824K, reserved 1245184K
  class space    used 21362K, committed 22464K, reserved 1048576K
GC Heap History (20 events):
Event: 77.228 GC heap after
{Heap after GC invocations=78 (full 0):
 garbage-first heap   total 774144K, used 162531K [0x0000000600000000, 0x0000000800000000)
  region size 4096K, 6 young (24576K), 6 survivors (24576K)
 Metaspace       used 157085K, committed 159232K, reserved 1245184K
  class space    used 20674K, committed 21760K, reserved 1048576K
}
Event: 185.834 GC heap before
{Heap before GC invocations=78 (full 0):
 garbage-first heap   total 774144K, used 596707K [0x0000000600000000, 0x0000000800000000)
  region size 4096K, 113 young (462848K), 6 survivors (24576K)
 Metaspace       used 163433K, committed 165696K, reserved 1245184K
  class space    used 21360K, committed 22464K, reserved 1048576K
}
Event: 185.994 GC heap after
{Heap after GC invocations=79 (full 0):
 garbage-first heap   total 774144K, used 179623K [0x0000000600000000, 0x0000000800000000)
  region size 4096K, 10 young (40960K), 10 survivors (40960K)
 Metaspace       used 163433K, committed 165696K, reserved 1245184K
  class space    used 21360K, committed 22464K, reserved 1048576K
}
Event: 187.065 GC heap before
{Heap before GC invocations=79 (full 0):
 garbage-first heap   total 774144K, used 597415K [0x0000000600000000, 0x0000000800000000)
  region size 4096K, 113 young (462848K), 10 survivors (40960K)
 Metaspace       used 163484K, committed 165760K, reserved 1245184K
  class space    used 21361K, committed 22464K, reserved 1048576K
}
Event: 187.112 GC heap after
{Heap after GC invocations=80 (full 0):
 garbage-first heap   total 774144K, used 183545K [0x0000000600000000, 0x0000000800000000)
  region size 4096K, 8 young (32768K), 8 survivors (32768K)
 Metaspace       used 163484K, committed 165760K, reserved 1245184K
  class space    used 21361K, committed 22464K, reserved 1048576K
}
Event: 187.908 GC heap before
{Heap before GC invocations=80 (full 0):
 garbage-first heap   total 774144K, used 609529K [0x0000000600000000, 0x0000000800000000)
  region size 4096K, 113 young (462848K), 8 survivors (32768K)
 Metaspace       used 163515K, committed 165824K, reserved 1245184K
  class space    used 21361K, committed 22464K, reserved 1048576K
}
Event: 187.930 GC heap after
{Heap after GC invocations=81 (full 0):
 garbage-first heap   total 774144K, used 184897K [0x0000000600000000, 0x0000000800000000)
  region size 4096K, 9 young (36864K), 9 survivors (36864K)
 Metaspace       used 163515K, committed 165824K, reserved 1245184K
  class space    used 21361K, committed 22464K, reserved 1048576K
}
Event: 188.446 GC heap before
{Heap before GC invocations=81 (full 0):
 garbage-first heap   total 774144K, used 606785K [0x0000000600000000, 0x0000000800000000)
  region size 4096K, 113 young (462848K), 9 survivors (36864K)
 Metaspace       used 163516K, committed 165824K, reserved 1245184K
  class space    used 21361K, committed 22464K, reserved 1048576K
}
Event: 188.615 GC heap after
{Heap after GC invocations=82 (full 0):
 garbage-first heap   total 774144K, used 186907K [0x0000000600000000, 0x0000000800000000)
  region size 4096K, 8 young (32768K), 8 survivors (32768K)
 Metaspace       used 163516K, committed 165824K, reserved 1245184K
  class space    used 21361K, committed 22464K, reserved 1048576K
}
Event: 189.345 GC heap before
{Heap before GC invocations=82 (full 0):
 garbage-first heap   total 774144K, used 612891K [0x0000000600000000, 0x0000000800000000)
  region size 4096K, 113 young (462848K), 8 survivors (32768K)
 Metaspace       used 163519K, committed 165824K, reserved 1245184K
  class space    used 21362K, committed 22464K, reserved 1048576K
}
Event: 189.416 GC heap after
{Heap after GC invocations=83 (full 0):
 garbage-first heap   total 774144K, used 188616K [0x0000000600000000, 0x0000000800000000)
  region size 4096K, 8 young (32768K), 8 survivors (32768K)
 Metaspace       used 163519K, committed 165824K, reserved 1245184K
  class space    used 21362K, committed 22464K, reserved 1048576K
}
Event: 189.927 GC heap before
{Heap before GC invocations=83 (full 0):
 garbage-first heap   total 774144K, used 618696K [0x0000000600000000, 0x0000000800000000)
  region size 4096K, 113 young (462848K), 8 survivors (32768K)
 Metaspace       used 163520K, committed 165824K, reserved 1245184K
  class space    used 21362K, committed 22464K, reserved 1048576K
}
Event: 190.495 GC heap after
{Heap after GC invocations=84 (full 0):
 garbage-first heap   total 1548288K, used 190263K [0x0000000600000000, 0x0000000800000000)
  region size 4096K, 9 young (36864K), 9 survivors (36864K)
 Metaspace       used 163520K, committed 165824K, reserved 1245184K
  class space    used 21362K, committed 22464K, reserved 1048576K
}
Event: 190.524 GC heap before
{Heap before GC invocations=84 (full 0):
 garbage-first heap   total 1548288K, used 227127K [0x0000000600000000, 0x0000000800000000)
  region size 4096K, 18 young (73728K), 9 survivors (36864K)
 Metaspace       used 163520K, committed 165824K, reserved 1245184K
  class space    used 21362K, committed 22464K, reserved 1048576K
}
Event: 190.612 GC heap after
{Heap after GC invocations=85 (full 0):
 garbage-first heap   total 1548288K, used 193700K [0x0000000600000000, 0x0000000800000000)
  region size 4096K, 2 young (8192K), 2 survivors (8192K)
 Metaspace       used 163520K, committed 165824K, reserved 1245184K
  class space    used 21362K, committed 22464K, reserved 1048576K
}
Event: 190.676 GC heap before
{Heap before GC invocations=85 (full 0):
 garbage-first heap   total 1548288K, used 263332K [0x0000000600000000, 0x0000000800000000)
  region size 4096K, 18 young (73728K), 2 survivors (8192K)
 Metaspace       used 163520K, committed 165824K, reserved 1245184K
  class space    used 21362K, committed 22464K, reserved 1048576K
}
Event: 190.681 GC heap after
{Heap after GC invocations=86 (full 0):
 garbage-first heap   total 1548288K, used 196026K [0x0000000600000000, 0x0000000800000000)
  region size 4096K, 2 young (8192K), 2 survivors (8192K)
 Metaspace       used 163520K, committed 165824K, reserved 1245184K
  class space    used 21362K, committed 22464K, reserved 1048576K
}
Event: 191.245 GC heap before
{Heap before GC invocations=86 (full 0):
 garbage-first heap   total 1548288K, used 564666K [0x0000000600000000, 0x0000000800000000)
  region size 4096K, 93 young (380928K), 2 survivors (8192K)
 Metaspace       used 163524K, committed 165824K, reserved 1245184K
  class space    used 21362K, committed 22464K, reserved 1048576K
}
Event: 191.325 GC heap after
{Heap after GC invocations=87 (full 0):
 garbage-first heap   total 1548288K, used 200795K [0x0000000600000000, 0x0000000800000000)
  region size 4096K, 3 young (12288K), 3 survivors (12288K)
 Metaspace       used 163524K, committed 165824K, reserved 1245184K
  class space    used 21362K, committed 22464K, reserved 1048576K
}
Event: 193.700 GC heap before
{Heap before GC invocations=87 (full 0):
 garbage-first heap   total 1548288K, used 1114203K [0x0000000600000000, 0x0000000800000000)
  region size 4096K, 226 young (925696K), 3 survivors (12288K)
 Metaspace       used 163548K, committed 165824K, reserved 1245184K
  class space    used 21362K, committed 22464K, reserved 1048576K
}

