# JRE version: OpenJDK Runtime Environment (21.0.8) (build 21.0.8+-14196175-b1038.72)
# Java VM: OpenJDK 64-Bit Server VM (21.0.8+-14196175-b1038.72, mixed mode, tiered, compressed oops, compressed class ptrs, g1 gc, windows-amd64)
GC Precious Log:
 CardTable entry size: 512
 Card Set container configuration: InlinePtr #cards 4 size 8 Array Of Cards #cards 32 size 80 Howl #buckets 8 coarsen threshold 7372 Howl Bitmap #cards 1024 size 144 coarsen threshold 921 Card regions per heap region 1 cards per card region 8192
 CPUs: 8 total, 8 available
 Memory: 8025M
 Large Page Support: Disabled
 NUMA Support: Disabled
 Compressed Oops: Enabled (Zero based)
 Heap Region Size: 4M
 Heap Min Capacity: 8M
 Heap Initial Capacity: 128M
 Heap Max Capacity: 8G
 Pre-touch: Disabled
 Parallel Workers: 8
 Concurrent Workers: 2
 Concurrent Refinement Workers: 8
 Periodic GC: Disabled
Heap:
 garbage-first heap   total 892928K, used 337605K [0x0000000600000000, 0x0000000800000000)
  region size 4096K, 3 young (12288K), 3 survivors (12288K)
 Metaspace       used 186848K, committed 189312K, reserved 1245184K
  class space    used 24031K, committed 25216K, reserved 1048576K
GC Heap History (20 events):
Event: 309.366 GC heap after
{Heap after GC invocations=111 (full 0):
 garbage-first heap   total 892928K, used 256034K [0x0000000600000000, 0x0000000800000000)
  region size 4096K, 9 young (36864K), 9 survivors (36864K)
 Metaspace       used 186090K, committed 188544K, reserved 1245184K
  class space    used 24020K, committed 25216K, reserved 1048576K
}
Event: 310.862 GC heap before
{Heap before GC invocations=111 (full 0):
 garbage-first heap   total 892928K, used 751650K [0x0000000600000000, 0x0000000800000000)
  region size 4096K, 130 young (532480K), 9 survivors (36864K)
 Metaspace       used 186096K, committed 188544K, reserved 1245184K
  class space    used 24021K, committed 25216K, reserved 1048576K
}
Event: 310.875 GC heap after
{Heap after GC invocations=112 (full 0):
 garbage-first heap   total 892928K, used 255979K [0x0000000600000000, 0x0000000800000000)
  region size 4096K, 9 young (36864K), 9 survivors (36864K)
 Metaspace       used 186096K, committed 188544K, reserved 1245184K
  class space    used 24021K, committed 25216K, reserved 1048576K
}
Event: 314.410 GC heap before
{Heap before GC invocations=112 (full 0):
 garbage-first heap   total 892928K, used 751595K [0x0000000600000000, 0x0000000800000000)
  region size 4096K, 130 young (532480K), 9 survivors (36864K)
 Metaspace       used 186109K, committed 188608K, reserved 1245184K
  class space    used 24021K, committed 25216K, reserved 1048576K
}
Event: 314.422 GC heap after
{Heap after GC invocations=113 (full 0):
 garbage-first heap   total 892928K, used 256034K [0x0000000600000000, 0x0000000800000000)
  region size 4096K, 9 young (36864K), 9 survivors (36864K)
 Metaspace       used 186109K, committed 188608K, reserved 1245184K
  class space    used 24021K, committed 25216K, reserved 1048576K
}
Event: 468.995 GC heap before
{Heap before GC invocations=113 (full 0):
 garbage-first heap   total 892928K, used 747554K [0x0000000600000000, 0x0000000800000000)
  region size 4096K, 130 young (532480K), 9 survivors (36864K)
 Metaspace       used 186824K, committed 189312K, reserved 1245184K
  class space    used 24032K, committed 25216K, reserved 1048576K
}
Event: 469.289 GC heap after
{Heap after GC invocations=114 (full 0):
 garbage-first heap   total 892928K, used 277791K [0x0000000600000000, 0x0000000800000000)
  region size 4096K, 15 young (61440K), 15 survivors (61440K)
 Metaspace       used 186824K, committed 189312K, reserved 1245184K
  class space    used 24032K, committed 25216K, reserved 1048576K
}
Event: 470.126 GC heap before
{Heap before GC invocations=114 (full 0):
 garbage-first heap   total 892928K, used 744735K [0x0000000600000000, 0x0000000800000000)
  region size 4096K, 131 young (536576K), 15 survivors (61440K)
 Metaspace       used 186830K, committed 189312K, reserved 1245184K
  class space    used 24032K, committed 25216K, reserved 1048576K
}
Event: 470.209 GC heap after
{Heap after GC invocations=115 (full 0):
 garbage-first heap   total 892928K, used 295306K [0x0000000600000000, 0x0000000800000000)
  region size 4096K, 10 young (40960K), 10 survivors (40960K)
 Metaspace       used 186830K, committed 189312K, reserved 1245184K
  class space    used 24032K, committed 25216K, reserved 1048576K
}
Event: 470.248 GC heap before
{Heap before GC invocations=115 (full 0):
 garbage-first heap   total 892928K, used 328074K [0x0000000600000000, 0x0000000800000000)
  region size 4096K, 19 young (77824K), 10 survivors (40960K)
 Metaspace       used 186830K, committed 189312K, reserved 1245184K
  class space    used 24032K, committed 25216K, reserved 1048576K
}
Event: 470.357 GC heap after
{Heap after GC invocations=116 (full 0):
 garbage-first heap   total 892928K, used 294889K [0x0000000600000000, 0x0000000800000000)
  region size 4096K, 10 young (40960K), 10 survivors (40960K)
 Metaspace       used 186830K, committed 189312K, reserved 1245184K
  class space    used 24032K, committed 25216K, reserved 1048576K
}
Event: 474.064 GC heap before
{Heap before GC invocations=117 (full 0):
 garbage-first heap   total 892928K, used 786409K [0x0000000600000000, 0x0000000800000000)
  region size 4096K, 130 young (532480K), 10 survivors (40960K)
 Metaspace       used 186831K, committed 189312K, reserved 1245184K
  class space    used 24031K, committed 25216K, reserved 1048576K
}
Event: 474.218 GC heap after
{Heap after GC invocations=118 (full 0):
 garbage-first heap   total 892928K, used 309216K [0x0000000600000000, 0x0000000800000000)
  region size 4096K, 8 young (32768K), 8 survivors (32768K)
 Metaspace       used 186831K, committed 189312K, reserved 1245184K
  class space    used 24031K, committed 25216K, reserved 1048576K
}
Event: 479.115 GC heap before
{Heap before GC invocations=118 (full 0):
 garbage-first heap   total 892928K, used 804832K [0x0000000600000000, 0x0000000800000000)
  region size 4096K, 129 young (528384K), 8 survivors (32768K)
 Metaspace       used 186838K, committed 189312K, reserved 1245184K
  class space    used 24031K, committed 25216K, reserved 1048576K
}
Event: 479.263 GC heap after
{Heap after GC invocations=119 (full 0):
 garbage-first heap   total 892928K, used 332361K [0x0000000600000000, 0x0000000800000000)
  region size 4096K, 16 young (65536K), 16 survivors (65536K)
 Metaspace       used 186838K, committed 189312K, reserved 1245184K
  class space    used 24031K, committed 25216K, reserved 1048576K
}
Event: 479.819 GC heap before
{Heap before GC invocations=119 (full 0):
 garbage-first heap   total 892928K, used 774729K [0x0000000600000000, 0x0000000800000000)
  region size 4096K, 125 young (512000K), 16 survivors (65536K)
 Metaspace       used 186840K, committed 189312K, reserved 1245184K
  class space    used 24031K, committed 25216K, reserved 1048576K
}
Event: 479.888 GC heap after
{Heap after GC invocations=120 (full 0):
 garbage-first heap   total 892928K, used 338896K [0x0000000600000000, 0x0000000800000000)
  region size 4096K, 2 young (8192K), 2 survivors (8192K)
 Metaspace       used 186840K, committed 189312K, reserved 1245184K
  class space    used 24031K, committed 25216K, reserved 1048576K
}
Event: 480.872 GC heap before
{Heap before GC invocations=121 (full 0):
 garbage-first heap   total 892928K, used 830416K [0x0000000600000000, 0x0000000800000000)
  region size 4096K, 123 young (503808K), 2 survivors (8192K)
 Metaspace       used 186843K, committed 189312K, reserved 1245184K
  class space    used 24031K, committed 25216K, reserved 1048576K
}
Event: 480.880 GC heap after
{Heap after GC invocations=122 (full 0):
 garbage-first heap   total 892928K, used 342598K [0x0000000600000000, 0x0000000800000000)
  region size 4096K, 3 young (12288K), 3 survivors (12288K)
 Metaspace       used 186843K, committed 189312K, reserved 1245184K
  class space    used 24031K, committed 25216K, reserved 1048576K
}
Event: 482.055 GC heap before
{Heap before GC invocations=122 (full 0):
 garbage-first heap   total 892928K, used 830022K [0x0000000600000000, 0x0000000800000000)
  region size 4096K, 122 young (499712K), 3 survivors (12288K)
 Metaspace       used 186848K, committed 189312K, reserved 1245184K
  class space    used 24031K, committed 25216K, reserved 1048576K
}

